
> app@0.0.1 dev
> astro dev

▶ Astro collects anonymous usage data.
  This information helps us improve Astro.
  Run "astro telemetry disable" to opt-out.
  https://astro.build/telemetry

18:41:45 [@astrojs/node] Enabling sessions with filesystem storage
18:41:45 [types] Generated 1ms
18:41:46 [content] Syncing content
18:41:46 [content] Synced content

 astro  v5.16.10 ready in 952 ms

┃ Local    http://localhost:4321/
┃ Network  use --host to expose

18:41:46 watching for file changes...
18:43:23 [200] / 230ms
18:43:24 [200] /_image 989ms
18:43:26 [200] /fahrzeugaufbereitung-neumuenster 26ms
18:43:28 [200] /wohnmobil 16ms
18:43:29 [200] /_image 1171ms
18:43:30 [200] /leasing 14ms
18:44:48 [watch] verification/verify_changes.py
18:44:48 [watch] verification/verify_changes.py
